TN:
SF:D:\openserver\OSPanel\domains\webpackDirectories\JQueryCustomSlider3\/src\index.spec.ts
FN:8,(anonymous_0)
FN:11,(anonymous_1)
FN:27,(anonymous_2)
FN:46,(anonymous_3)
FN:65,(anonymous_4)
FN:74,(anonymous_5)
FN:78,(anonymous_6)
FN:82,(anonymous_7)
FN:88,(anonymous_8)
FN:97,(anonymous_9)
FN:102,(anonymous_10)
FN:108,(anonymous_11)
FN:114,(anonymous_12)
FN:121,(anonymous_13)
FN:126,(anonymous_14)
FN:130,(anonymous_15)
FN:137,(anonymous_16)
FN:152,(anonymous_17)
FN:162,(anonymous_18)
FN:168,(anonymous_19)
FN:177,(anonymous_20)
FN:186,(anonymous_21)
FN:200,(anonymous_22)
FN:203,(anonymous_23)
FN:206,(anonymous_24)
FN:212,(anonymous_25)
FN:220,(anonymous_26)
FN:230,(anonymous_27)
FN:240,(anonymous_28)
FN:249,(anonymous_29)
FN:258,(anonymous_30)
FN:274,(anonymous_31)
FN:285,(anonymous_32)
FN:296,(anonymous_33)
FN:306,(anonymous_34)
FN:317,(anonymous_35)
FN:326,(anonymous_36)
FN:342,(anonymous_37)
FN:360,(anonymous_38)
FN:384,(anonymous_39)
FN:413,(anonymous_40)
FN:425,(anonymous_41)
FN:433,(anonymous_42)
FN:437,(anonymous_43)
FN:440,(anonymous_44)
FN:443,(anonymous_45)
FN:446,(anonymous_46)
FN:449,(anonymous_47)
FN:452,(anonymous_48)
FN:458,(anonymous_49)
FN:466,(anonymous_50)
FN:476,(anonymous_51)
FN:479,(anonymous_52)
FN:482,(anonymous_53)
FN:485,(anonymous_54)
FN:488,(anonymous_55)
FN:489,(anonymous_56)
FN:498,(anonymous_57)
FN:503,(anonymous_58)
FN:509,(anonymous_59)
FN:517,(anonymous_60)
FN:529,(anonymous_61)
FN:532,(anonymous_62)
FN:535,(anonymous_63)
FN:538,(anonymous_64)
FN:541,(anonymous_65)
FN:544,(anonymous_66)
FN:550,(anonymous_67)
FN:558,(anonymous_68)
FN:567,(anonymous_69)
FN:576,(anonymous_70)
FN:585,(anonymous_71)
FN:600,(anonymous_72)
FN:616,(anonymous_73)
FN:625,(anonymous_74)
FN:634,(anonymous_75)
FN:643,(anonymous_76)
FN:652,(anonymous_77)
FNF:78
FNH:77
FNDA:1,(anonymous_0)
FNDA:1,(anonymous_1)
FNDA:1,(anonymous_2)
FNDA:1,(anonymous_3)
FNDA:1,(anonymous_4)
FNDA:1,(anonymous_5)
FNDA:1,(anonymous_6)
FNDA:1,(anonymous_7)
FNDA:1,(anonymous_8)
FNDA:1,(anonymous_9)
FNDA:1,(anonymous_10)
FNDA:1,(anonymous_11)
FNDA:1,(anonymous_12)
FNDA:1,(anonymous_13)
FNDA:1,(anonymous_14)
FNDA:1,(anonymous_15)
FNDA:1,(anonymous_16)
FNDA:1,(anonymous_17)
FNDA:1,(anonymous_18)
FNDA:1,(anonymous_19)
FNDA:1,(anonymous_20)
FNDA:1,(anonymous_21)
FNDA:1,(anonymous_22)
FNDA:1,(anonymous_23)
FNDA:1,(anonymous_24)
FNDA:1,(anonymous_25)
FNDA:14,(anonymous_26)
FNDA:1,(anonymous_27)
FNDA:1,(anonymous_28)
FNDA:1,(anonymous_29)
FNDA:1,(anonymous_30)
FNDA:1,(anonymous_31)
FNDA:1,(anonymous_32)
FNDA:1,(anonymous_33)
FNDA:1,(anonymous_34)
FNDA:1,(anonymous_35)
FNDA:1,(anonymous_36)
FNDA:1,(anonymous_37)
FNDA:1,(anonymous_38)
FNDA:1,(anonymous_39)
FNDA:1,(anonymous_40)
FNDA:1,(anonymous_41)
FNDA:6,(anonymous_42)
FNDA:1,(anonymous_43)
FNDA:1,(anonymous_44)
FNDA:1,(anonymous_45)
FNDA:1,(anonymous_46)
FNDA:1,(anonymous_47)
FNDA:1,(anonymous_48)
FNDA:1,(anonymous_49)
FNDA:6,(anonymous_50)
FNDA:1,(anonymous_51)
FNDA:1,(anonymous_52)
FNDA:1,(anonymous_53)
FNDA:1,(anonymous_54)
FNDA:1,(anonymous_55)
FNDA:1,(anonymous_56)
FNDA:0,(anonymous_57)
FNDA:1,(anonymous_58)
FNDA:1,(anonymous_59)
FNDA:6,(anonymous_60)
FNDA:1,(anonymous_61)
FNDA:1,(anonymous_62)
FNDA:1,(anonymous_63)
FNDA:1,(anonymous_64)
FNDA:1,(anonymous_65)
FNDA:1,(anonymous_66)
FNDA:1,(anonymous_67)
FNDA:9,(anonymous_68)
FNDA:1,(anonymous_69)
FNDA:1,(anonymous_70)
FNDA:1,(anonymous_71)
FNDA:1,(anonymous_72)
FNDA:1,(anonymous_73)
FNDA:1,(anonymous_74)
FNDA:1,(anonymous_75)
FNDA:1,(anonymous_76)
FNDA:1,(anonymous_77)
DA:1,1
DA:2,1
DA:3,1
DA:4,1
DA:5,1
DA:8,1
DA:9,1
DA:11,1
DA:12,1
DA:19,1
DA:27,1
DA:28,1
DA:35,1
DA:36,1
DA:38,1
DA:46,1
DA:47,1
DA:55,1
DA:65,1
DA:66,1
DA:72,1
DA:74,1
DA:75,1
DA:78,1
DA:79,1
DA:82,1
DA:83,1
DA:88,1
DA:89,1
DA:90,1
DA:92,1
DA:95,1
DA:97,1
DA:98,1
DA:99,1
DA:102,1
DA:103,1
DA:106,1
DA:108,1
DA:109,1
DA:110,1
DA:114,1
DA:115,1
DA:116,1
DA:118,1
DA:119,1
DA:121,1
DA:122,1
DA:123,1
DA:126,1
DA:127,1
DA:128,1
DA:130,1
DA:131,1
DA:132,1
DA:137,1
DA:138,1
DA:139,1
DA:141,1
DA:144,1
DA:152,1
DA:153,1
DA:160,1
DA:162,1
DA:163,1
DA:166,1
DA:168,1
DA:169,1
DA:175,1
DA:177,1
DA:178,1
DA:181,1
DA:186,1
DA:187,1
DA:188,1
DA:190,1
DA:192,1
DA:200,1
DA:201,1
DA:203,1
DA:204,1
DA:206,1
DA:207,1
DA:212,1
DA:213,1
DA:214,1
DA:216,1
DA:220,1
DA:221,14
DA:230,1
DA:231,1
DA:237,1
DA:240,1
DA:241,1
DA:247,1
DA:249,1
DA:250,1
DA:256,1
DA:258,1
DA:259,1
DA:265,1
DA:270,1
DA:271,1
DA:274,1
DA:275,1
DA:281,1
DA:282,1
DA:285,1
DA:286,1
DA:292,1
DA:293,1
DA:296,1
DA:297,1
DA:303,1
DA:306,1
DA:307,1
DA:313,1
DA:314,1
DA:317,1
DA:318,1
DA:324,1
DA:326,1
DA:327,1
DA:333,1
DA:339,1
DA:342,1
DA:343,1
DA:350,1
DA:351,1
DA:358,1
DA:360,1
DA:361,1
DA:367,1
DA:374,1
DA:375,1
DA:382,1
DA:384,1
DA:385,1
DA:391,1
DA:398,1
DA:405,1
DA:413,1
DA:414,1
DA:420,1
DA:425,1
DA:426,1
DA:427,1
DA:429,1
DA:433,1
DA:434,6
DA:437,1
DA:438,1
DA:440,1
DA:441,1
DA:443,1
DA:444,1
DA:446,1
DA:447,1
DA:449,1
DA:450,1
DA:452,1
DA:453,1
DA:458,1
DA:459,1
DA:460,1
DA:462,1
DA:466,1
DA:467,6
DA:468,6
DA:476,1
DA:477,1
DA:479,1
DA:480,1
DA:482,1
DA:483,1
DA:485,1
DA:486,1
DA:488,1
DA:489,1
DA:490,1
DA:497,1
DA:499,0
DA:503,1
DA:504,1
DA:509,1
DA:510,1
DA:511,1
DA:513,1
DA:517,1
DA:518,6
DA:521,6
DA:529,1
DA:530,1
DA:532,1
DA:533,1
DA:535,1
DA:536,1
DA:538,1
DA:539,1
DA:541,1
DA:542,1
DA:544,1
DA:545,1
DA:550,1
DA:551,1
DA:552,1
DA:554,1
DA:558,1
DA:559,9
DA:567,1
DA:568,1
DA:574,1
DA:576,1
DA:577,1
DA:583,1
DA:585,1
DA:586,1
DA:592,1
DA:598,1
DA:600,1
DA:601,1
DA:607,1
DA:614,1
DA:616,1
DA:617,1
DA:623,1
DA:625,1
DA:626,1
DA:632,1
DA:634,1
DA:635,1
DA:641,1
DA:643,1
DA:644,1
DA:650,1
DA:652,1
DA:653,1
DA:659,1
LF:238
LH:237
BRF:0
BRH:0
end_of_record
TN:
SF:D:\openserver\OSPanel\domains\webpackDirectories\JQueryCustomSlider3\src\index.spec.ts
FNF:0
FNH:0
LF:0
LH:0
BRF:0
BRH:0
end_of_record
TN:
SF:D:\openserver\OSPanel\domains\webpackDirectories\JQueryCustomSlider3\/src\Model\Slider.ts
FN:5,(anonymous_0)
FN:8,Slider
FN:12,(anonymous_2)
FN:22,(anonymous_3)
FNF:4
FNH:4
FNDA:1,(anonymous_0)
FNDA:49,Slider
FNDA:3,(anonymous_2)
FNDA:694,(anonymous_3)
DA:1,1
DA:2,1
DA:5,1
DA:9,49
DA:12,1
DA:13,3
DA:22,1
DA:23,694
DA:24,694
DA:26,694
DA:27,30
DA:28,30
DA:29,30
DA:30,30
DA:31,30
DA:34,664
DA:35,664
DA:36,664
DA:37,664
DA:38,664
DA:39,664
DA:41,1
DA:44,1
DA:47,1
LF:24
LH:24
BRDA:26,0,0,30
BRDA:26,0,1,664
BRF:2
BRH:2
end_of_record
TN:
SF:D:\openserver\OSPanel\domains\webpackDirectories\JQueryCustomSlider3\src\Model\Slider.ts
FNF:0
FNH:0
LF:0
LH:0
BRF:0
BRH:0
end_of_record
TN:
SF:D:\openserver\OSPanel\domains\webpackDirectories\JQueryCustomSlider3\/src\Model\SliderSettings.ts
FN:6,(anonymous_0)
FN:34,SliderSettings
FN:41,(anonymous_2)
FN:109,(anonymous_3)
FN:145,(anonymous_4)
FN:152,(anonymous_5)
FN:166,(anonymous_6)
FN:180,(anonymous_7)
FN:198,(anonymous_8)
FN:205,(anonymous_9)
FN:212,(anonymous_10)
FN:218,(anonymous_11)
FNF:12
FNH:12
FNDA:1,(anonymous_0)
FNDA:55,SliderSettings
FNDA:97,(anonymous_2)
FNDA:89,(anonymous_3)
FNDA:21,(anonymous_4)
FNDA:3,(anonymous_5)
FNDA:3,(anonymous_6)
FNDA:5,(anonymous_7)
FNDA:3,(anonymous_8)
FNDA:10,(anonymous_9)
FNDA:1,(anonymous_10)
FNDA:1,(anonymous_11)
DA:2,1
DA:6,1
DA:7,55
DA:20,55
DA:35,55
DA:37,55
DA:38,55
DA:41,1
DA:42,97
DA:43,97
DA:47,97
DA:48,97
DA:49,97
DA:50,97
DA:51,97
DA:52,97
DA:53,97
DA:55,97
DA:56,0
DA:57,0
DA:58,0
DA:59,0
DA:60,0
DA:61,0
DA:63,97
DA:64,0
DA:65,0
DA:67,97
DA:68,1
DA:69,1
DA:71,96
DA:72,1
DA:73,1
DA:75,95
DA:76,3
DA:77,3
DA:79,92
DA:80,0
DA:81,0
DA:83,92
DA:84,0
DA:85,0
DA:87,92
DA:89,2
DA:90,2
DA:92,90
DA:94,0
DA:95,0
DA:97,90
DA:98,0
DA:100,90
DA:101,0
DA:102,0
DA:105,7
DA:109,1
DA:110,89
DA:112,8
DA:113,8
DA:115,89
DA:116,45
DA:118,89
DA:119,0
DA:120,0
DA:122,0
DA:124,0
DA:126,89
DA:127,20
DA:128,14
DA:129,14
DA:131,6
DA:134,89
DA:135,20
DA:137,89
DA:138,8
DA:140,89
DA:141,58
DA:145,1
DA:146,21
DA:147,21
DA:148,21
DA:149,21
DA:152,1
DA:153,3
DA:154,3
DA:155,1
DA:157,2
DA:158,2
DA:159,2
DA:161,1
DA:162,1
DA:166,1
DA:167,3
DA:168,3
DA:169,1
DA:171,2
DA:172,2
DA:173,2
DA:175,1
DA:176,1
DA:180,1
DA:181,5
DA:182,5
DA:183,5
DA:184,5
DA:185,5
DA:186,3
DA:187,3
DA:188,3
DA:190,2
DA:191,2
DA:193,2
DA:194,2
DA:198,1
DA:199,3
DA:200,3
DA:201,3
DA:202,3
DA:205,1
DA:206,10
DA:207,10
DA:208,10
DA:209,10
DA:212,1
DA:213,1
DA:214,1
DA:215,1
DA:218,1
DA:219,1
DA:220,1
DA:222,1
DA:225,1
DA:228,1
LF:132
LH:111
BRDA:49,0,0,97
BRDA:49,0,1,96
BRDA:50,1,0,97
BRDA:50,1,1,66
BRDA:55,2,0,0
BRDA:55,2,1,97
BRDA:63,3,0,0
BRDA:63,3,1,97
BRDA:63,4,0,97
BRDA:63,4,1,0
BRDA:67,5,0,1
BRDA:67,5,1,96
BRDA:71,6,0,1
BRDA:71,6,1,95
BRDA:71,7,0,96
BRDA:71,7,1,1
BRDA:75,8,0,3
BRDA:75,8,1,92
BRDA:75,9,0,95
BRDA:75,9,1,10
BRDA:79,10,0,0
BRDA:79,10,1,92
BRDA:79,11,0,92
BRDA:79,11,1,19
BRDA:83,12,0,0
BRDA:83,12,1,92
BRDA:83,13,0,92
BRDA:83,13,1,0
BRDA:87,14,0,2
BRDA:87,14,1,90
BRDA:87,15,0,92
BRDA:87,15,1,2
BRDA:92,16,0,0
BRDA:92,16,1,90
BRDA:92,17,0,90
BRDA:92,17,1,0
BRDA:97,18,0,0
BRDA:97,18,1,90
BRDA:97,19,0,90
BRDA:97,19,1,29
BRDA:100,20,0,0
BRDA:100,20,1,90
BRDA:110,21,0,8
BRDA:110,21,1,81
BRDA:110,22,0,89
BRDA:110,22,1,19
BRDA:115,23,0,45
BRDA:115,23,1,44
BRDA:115,24,0,89
BRDA:115,24,1,54
BRDA:118,25,0,0
BRDA:118,25,1,89
BRDA:118,26,0,89
BRDA:118,26,1,0
BRDA:119,27,0,0
BRDA:119,27,1,0
BRDA:126,28,0,20
BRDA:126,28,1,69
BRDA:126,29,0,89
BRDA:126,29,1,78
BRDA:127,30,0,14
BRDA:127,30,1,6
BRDA:134,31,0,20
BRDA:134,31,1,69
BRDA:134,32,0,89
BRDA:134,32,1,77
BRDA:137,33,0,8
BRDA:137,33,1,81
BRDA:137,34,0,89
BRDA:137,34,1,66
BRDA:140,35,0,58
BRDA:140,35,1,31
BRDA:140,36,0,89
BRDA:140,36,1,89
BRDA:154,37,0,1
BRDA:154,37,1,2
BRDA:168,38,0,1
BRDA:168,38,1,2
BRDA:185,39,0,3
BRDA:185,39,1,2
BRDA:185,40,0,5
BRDA:185,40,1,4
BRF:82
BRH:68
end_of_record
TN:
SF:D:\openserver\OSPanel\domains\webpackDirectories\JQueryCustomSlider3\src\Model\SliderSettings.ts
FNF:0
FNH:0
LF:0
LH:0
BRF:0
BRH:0
end_of_record
TN:
SF:D:\openserver\OSPanel\domains\webpackDirectories\JQueryCustomSlider3\/src\Presenter\SliderPresenter.ts
FN:8,(anonymous_0)
FN:13,SliderPresenter
FN:22,(anonymous_2)
FN:42,(anonymous_3)
FN:50,(anonymous_4)
FN:75,(anonymous_5)
FN:79,(anonymous_6)
FN:103,(anonymous_7)
FN:126,(anonymous_8)
FN:137,(anonymous_9)
FN:149,(anonymous_10)
FNF:11
FNH:11
FNDA:1,(anonymous_0)
FNDA:47,SliderPresenter
FNDA:600,(anonymous_2)
FNDA:69,(anonymous_3)
FNDA:91,(anonymous_4)
FNDA:600,(anonymous_5)
FNDA:600,(anonymous_6)
FNDA:600,(anonymous_7)
FNDA:720,(anonymous_8)
FNDA:120,(anonymous_9)
FNDA:789,(anonymous_10)
DA:1,1
DA:2,1
DA:5,1
DA:8,1
DA:14,47
DA:16,47
DA:18,47
DA:19,47
DA:22,1
DA:23,600
DA:25,600
DA:26,600
DA:27,600
DA:29,600
DA:31,600
DA:32,600
DA:34,600
DA:35,29
DA:37,600
DA:38,29
DA:42,1
DA:43,69
DA:44,22
DA:46,47
DA:50,1
DA:51,91
DA:52,29
DA:53,29
DA:55,29
DA:56,29
DA:57,29
DA:59,29
DA:61,29
DA:62,29
DA:64,62
DA:65,62
DA:67,62
DA:69,62
DA:75,1
DA:76,600
DA:79,1
DA:80,600
DA:81,419
DA:82,378
DA:84,41
DA:85,41
DA:88,181
DA:103,1
DA:104,600
DA:105,600
DA:106,600
DA:107,600
DA:108,600
DA:109,37
DA:111,563
DA:114,600
DA:115,600
DA:117,600
DA:126,1
DA:127,720
DA:128,720
DA:129,720
DA:131,720
DA:133,720
DA:137,1
DA:138,120
DA:139,120
DA:140,1
DA:142,119
DA:144,120
DA:146,120
DA:149,1
DA:150,789
DA:153,789
DA:154,39
DA:156,750
DA:158,1
DA:162,1
DA:164,1
LF:79
LH:79
BRDA:34,0,0,29
BRDA:34,0,1,571
BRDA:37,1,0,29
BRDA:37,1,1,571
BRDA:43,2,0,22
BRDA:43,2,1,47
BRDA:51,3,0,29
BRDA:51,3,1,62
BRDA:80,4,0,419
BRDA:80,4,1,181
BRDA:81,5,0,378
BRDA:81,5,1,41
BRDA:108,6,0,37
BRDA:108,6,1,563
BRDA:109,7,0,37
BRDA:109,7,1,37
BRDA:111,8,0,563
BRDA:111,8,1,563
BRDA:139,9,0,1
BRDA:139,9,1,119
BRDA:140,10,0,1
BRDA:140,10,1,1
BRDA:142,11,0,119
BRDA:142,11,1,119
BRDA:153,12,0,39
BRDA:153,12,1,750
BRF:26
BRH:26
end_of_record
TN:
SF:D:\openserver\OSPanel\domains\webpackDirectories\JQueryCustomSlider3\src\Presenter\SliderPresenter.ts
FNF:0
FNH:0
LF:0
LH:0
BRF:0
BRH:0
end_of_record
TN:
SF:D:\openserver\OSPanel\domains\webpackDirectories\JQueryCustomSlider3\/src\Presenter\SliderPresenterAPI.ts
FN:3,(anonymous_0)
FN:6,(anonymous_2)
FN:71,(anonymous_3)
FN:75,(anonymous_4)
FN:81,(anonymous_5)
FN:85,(anonymous_6)
FN:94,(anonymous_7)
FN:98,(anonymous_8)
FN:104,(anonymous_9)
FN:108,(anonymous_10)
FN:114,(anonymous_11)
FN:118,(anonymous_12)
FN:124,(anonymous_13)
FN:128,(anonymous_14)
FN:134,(anonymous_15)
FN:138,(anonymous_16)
FN:148,(anonymous_17)
FN:153,(anonymous_18)
FN:168,(anonymous_19)
FNF:19
FNH:13
FNDA:1,(anonymous_0)
FNDA:46,(anonymous_2)
FNDA:0,(anonymous_3)
FNDA:1,(anonymous_4)
FNDA:0,(anonymous_5)
FNDA:21,(anonymous_6)
FNDA:0,(anonymous_7)
FNDA:2,(anonymous_8)
FNDA:0,(anonymous_9)
FNDA:2,(anonymous_10)
FNDA:0,(anonymous_11)
FNDA:4,(anonymous_12)
FNDA:1,(anonymous_13)
FNDA:3,(anonymous_14)
FNDA:0,(anonymous_15)
FNDA:1,(anonymous_16)
FNDA:1,(anonymous_17)
FNDA:10,(anonymous_18)
FNDA:11,(anonymous_19)
DA:3,1
DA:6,1
DA:15,46
DA:16,46
DA:17,46
DA:18,0
DA:19,0
DA:22,0
DA:26,46
DA:27,45
DA:28,21
DA:29,21
DA:30,2
DA:31,2
DA:32,2
DA:33,2
DA:34,4
DA:35,4
DA:36,1
DA:37,1
DA:38,3
DA:39,3
DA:40,11
DA:41,11
DA:42,1
DA:43,1
DA:47,1
DA:48,0
DA:49,0
DA:50,0
DA:51,0
DA:52,0
DA:53,0
DA:54,0
DA:55,0
DA:56,0
DA:57,0
DA:58,1
DA:59,1
DA:60,0
DA:61,0
DA:62,0
DA:63,0
DA:68,46
DA:71,1
DA:72,0
DA:75,1
DA:76,1
DA:77,1
DA:78,1
DA:81,1
DA:82,0
DA:85,1
DA:86,21
DA:87,21
DA:88,21
DA:89,21
DA:90,21
DA:91,21
DA:94,1
DA:95,0
DA:98,1
DA:99,2
DA:100,2
DA:101,2
DA:104,1
DA:105,0
DA:108,1
DA:109,2
DA:110,2
DA:111,2
DA:114,1
DA:115,0
DA:118,1
DA:119,4
DA:120,4
DA:121,4
DA:124,1
DA:125,1
DA:128,1
DA:129,3
DA:130,3
DA:131,3
DA:134,1
DA:135,0
DA:138,1
DA:139,1
DA:140,1
DA:141,1
DA:142,1
DA:143,1
DA:144,1
DA:145,1
DA:148,1
DA:149,1
DA:150,1
DA:153,1
DA:154,10
DA:155,3
DA:156,3
DA:157,3
DA:159,7
DA:160,7
DA:161,7
DA:163,7
DA:164,7
DA:168,1
DA:169,11
DA:170,11
DA:172,11
DA:173,3
DA:174,8
DA:175,1
DA:176,7
DA:177,7
DA:180,1
DA:183,1
DA:185,1
LF:118
LH:95
BRDA:17,0,0,0
BRDA:17,0,1,46
BRDA:26,1,0,45
BRDA:26,1,1,1
BRDA:28,2,0,21
BRDA:28,2,1,2
BRDA:28,2,2,2
BRDA:28,2,3,4
BRDA:28,2,4,1
BRDA:28,2,5,3
BRDA:28,2,6,11
BRDA:28,2,7,1
BRDA:28,2,8,0
BRDA:48,3,0,0
BRDA:48,3,1,0
BRDA:48,3,2,0
BRDA:48,3,3,0
BRDA:48,3,4,0
BRDA:48,3,5,1
BRDA:48,3,6,0
BRDA:48,3,7,0
BRDA:48,3,8,0
BRDA:149,4,0,0
BRDA:149,4,1,1
BRDA:154,5,0,3
BRDA:154,5,1,7
BRDA:172,6,0,3
BRDA:172,6,1,8
BRDA:172,7,0,11
BRDA:172,7,1,4
BRDA:174,8,0,1
BRDA:174,8,1,7
BRDA:174,9,0,8
BRDA:174,9,1,1
BRDA:176,10,0,7
BRDA:176,10,1,0
BRDA:176,11,0,7
BRDA:176,11,1,7
BRF:38
BRH:26
end_of_record
TN:
SF:D:\openserver\OSPanel\domains\webpackDirectories\JQueryCustomSlider3\src\Presenter\SliderPresenterAPI.ts
FNF:0
FNH:0
LF:0
LH:0
BRF:0
BRH:0
end_of_record
TN:
SF:D:\openserver\OSPanel\domains\webpackDirectories\JQueryCustomSlider3\/src\View\FollowerPoint.ts
FN:1,(anonymous_0)
FN:8,FollowerPoint
FN:16,(anonymous_2)
FN:25,(anonymous_3)
FN:29,(anonymous_4)
FNF:5
FNH:5
FNDA:1,(anonymous_0)
FNDA:66,FollowerPoint
FNDA:66,(anonymous_2)
FNDA:419,(anonymous_3)
FNDA:25,(anonymous_4)
DA:1,1
DA:9,66
DA:10,66
DA:11,66
DA:13,66
DA:16,1
DA:17,66
DA:18,1
DA:20,65
DA:22,66
DA:25,1
DA:26,419
DA:29,1
DA:30,25
DA:32,1
DA:34,1
DA:36,1
LF:17
LH:17
BRDA:17,0,0,1
BRDA:17,0,1,65
BRF:2
BRH:2
end_of_record
TN:
SF:D:\openserver\OSPanel\domains\webpackDirectories\JQueryCustomSlider3\src\View\FollowerPoint.ts
FNF:0
FNH:0
LF:0
LH:0
BRF:0
BRH:0
end_of_record
TN:
SF:D:\openserver\OSPanel\domains\webpackDirectories\JQueryCustomSlider3\/src\View\SliderPointer.ts
FN:4,(anonymous_0)
FN:15,SliderPointer
FN:21,(anonymous_2)
FN:30,(anonymous_3)
FN:31,(anonymous_4)
FN:45,(anonymous_5)
FN:65,(anonymous_6)
FN:74,onDragStart
FN:79,(anonymous_8)
FN:87,(anonymous_9)
FN:95,(anonymous_10)
FN:104,(anonymous_11)
FNF:12
FNH:8
FNDA:1,(anonymous_0)
FNDA:93,SliderPointer
FNDA:122,(anonymous_2)
FNDA:93,(anonymous_3)
FNDA:0,(anonymous_4)
FNDA:0,(anonymous_5)
FNDA:0,(anonymous_6)
FNDA:0,onDragStart
FNDA:2,(anonymous_8)
FNDA:604,(anonymous_9)
FNDA:66,(anonymous_10)
FNDA:181,(anonymous_11)
DA:2,1
DA:4,1
DA:16,93
DA:17,93
DA:18,93
DA:21,1
DA:22,122
DA:24,122
DA:30,93
DA:31,93
DA:32,0
DA:34,0
DA:38,0
DA:42,0
DA:45,0
DA:46,0
DA:47,0
DA:48,0
DA:49,0
DA:50,0
DA:53,0
DA:56,0
DA:57,0
DA:59,0
DA:60,0
DA:62,0
DA:65,0
DA:66,0
DA:67,0
DA:70,0
DA:71,0
DA:74,93
DA:75,0
DA:79,1
DA:80,2
DA:83,2
DA:84,2
DA:87,1
DA:88,604
DA:91,604
DA:95,1
DA:96,66
DA:97,1
DA:99,65
DA:101,66
DA:104,1
DA:105,181
DA:106,25
DA:107,25
DA:108,25
DA:109,25
DA:112,1
DA:114,1
DA:116,1
LF:54
LH:32
BRDA:35,0,0,0
BRDA:35,0,1,0
BRDA:39,1,0,0
BRDA:39,1,1,0
BRDA:46,2,0,0
BRDA:46,2,1,0
BRDA:47,3,0,0
BRDA:47,3,1,0
BRDA:49,4,0,0
BRDA:49,4,1,0
BRDA:54,5,0,0
BRDA:54,5,1,0
BRDA:56,6,0,0
BRDA:56,6,1,0
BRDA:59,7,0,0
BRDA:59,7,1,0
BRDA:81,8,0,1
BRDA:81,8,1,1
BRDA:81,9,0,1
BRDA:81,9,1,1
BRDA:82,10,0,1
BRDA:82,10,1,1
BRDA:89,11,0,4
BRDA:89,11,1,600
BRDA:96,12,0,1
BRDA:96,12,1,65
BRDA:105,13,0,25
BRDA:105,13,1,156
BRF:28
BRH:12
end_of_record
TN:
SF:D:\openserver\OSPanel\domains\webpackDirectories\JQueryCustomSlider3\src\View\SliderPointer.ts
FNF:0
FNH:0
LF:0
LH:0
BRF:0
BRH:0
end_of_record
TN:
SF:D:\openserver\OSPanel\domains\webpackDirectories\JQueryCustomSlider3\/src\View\SliderTemplate.ts
FN:4,(anonymous_0)
FN:13,SliderTemplate
FN:23,(anonymous_2)
FN:31,(anonymous_3)
FN:50,(anonymous_4)
FN:54,(anonymous_5)
FNF:6
FNH:5
FNDA:1,(anonymous_0)
FNDA:49,SliderTemplate
FNDA:0,(anonymous_2)
FNDA:49,(anonymous_3)
FNDA:49,(anonymous_4)
FNDA:15,(anonymous_5)
DA:2,1
DA:4,1
DA:9,49
DA:11,49
DA:13,49
DA:14,49
DA:15,49
DA:16,49
DA:18,49
DA:19,49
DA:20,49
DA:23,49
DA:24,0
DA:25,0
DA:28,0
DA:31,1
DA:32,49
DA:33,49
DA:35,49
DA:36,2
DA:37,2
DA:38,2
DA:39,1
DA:42,47
DA:43,47
DA:44,47
DA:45,25
DA:50,1
DA:51,49
DA:54,1
DA:55,15
DA:56,15
DA:57,15
DA:58,15
DA:60,1
DA:62,1
DA:64,1
LF:37
LH:34
BRDA:26,0,0,0
BRDA:26,0,1,0
BRDA:35,1,0,2
BRDA:35,1,1,47
BRDA:38,2,0,1
BRDA:38,2,1,1
BRDA:44,3,0,25
BRDA:44,3,1,22
BRF:8
BRH:6
end_of_record
TN:
SF:D:\openserver\OSPanel\domains\webpackDirectories\JQueryCustomSlider3\src\View\SliderTemplate.ts
FNF:0
FNH:0
LF:0
LH:0
BRF:0
BRH:0
end_of_record
TN:
SF:D:\openserver\OSPanel\domains\webpackDirectories\JQueryCustomSlider3\/src\View\SliderTemplateRange.ts
FN:4,(anonymous_0)
FN:17,SliderTemplateRange
FN:28,(anonymous_2)
FN:56,(anonymous_3)
FN:58,(anonymous_4)
FN:73,(anonymous_5)
FN:74,(anonymous_6)
FN:91,(anonymous_7)
FN:96,(anonymous_8)
FNF:9
FNH:7
FNDA:1,(anonymous_0)
FNDA:22,SliderTemplateRange
FNDA:22,(anonymous_2)
FNDA:29,(anonymous_3)
FNDA:499,(anonymous_4)
FNDA:22,(anonymous_5)
FNDA:0,(anonymous_6)
FNDA:0,(anonymous_7)
FNDA:7,(anonymous_8)
DA:2,1
DA:4,1
DA:7,22
DA:9,22
DA:18,22
DA:19,22
DA:20,22
DA:21,22
DA:23,22
DA:24,22
DA:25,22
DA:28,1
DA:29,22
DA:30,22
DA:31,22
DA:33,22
DA:34,22
DA:35,22
DA:37,22
DA:38,0
DA:39,0
DA:40,0
DA:41,0
DA:42,0
DA:43,0
DA:46,22
DA:47,22
DA:48,22
DA:49,22
DA:50,22
DA:51,8
DA:56,29
DA:58,29
DA:59,499
DA:60,0
DA:61,0
DA:63,499
DA:64,499
DA:68,29
DA:69,29
DA:73,22
DA:74,22
DA:75,0
DA:76,0
DA:80,0
DA:82,0
DA:83,0
DA:85,0
DA:86,0
DA:91,1
DA:92,0
DA:93,0
DA:96,1
DA:97,7
DA:98,7
DA:99,7
DA:100,7
DA:102,1
DA:105,1
DA:107,1
LF:60
LH:43
BRDA:37,0,0,0
BRDA:37,0,1,22
BRDA:42,1,0,0
BRDA:42,1,1,0
BRDA:50,2,0,8
BRDA:50,2,1,14
BRDA:59,3,0,0
BRDA:59,3,1,499
BRDA:77,4,0,0
BRDA:77,4,1,0
BRDA:82,5,0,0
BRDA:82,5,1,0
BRDA:85,6,0,0
BRDA:85,6,1,0
BRF:14
BRH:4
end_of_record
TN:
SF:D:\openserver\OSPanel\domains\webpackDirectories\JQueryCustomSlider3\src\View\SliderTemplateRange.ts
FNF:0
FNH:0
LF:0
LH:0
BRF:0
BRH:0
end_of_record
TN:
SF:D:\openserver\OSPanel\domains\webpackDirectories\JQueryCustomSlider3\tests\unit\spec-bundle.js
FN:5,requireAll
FNF:1
FNH:1
FNDA:1,requireAll
DA:1,1
DA:3,1
DA:6,1
DA:9,1
LF:4
LH:4
BRF:0
BRH:0
end_of_record
