TN:
SF:D:\openserver\OSPanel\domains\webpackDirectories\JQueryCustomSlider3\/src\MyLibrary.spec.ts
FN:3,(anonymous_0)
FN:4,(anonymous_1)
FNF:2
FNH:2
FNDA:1,(anonymous_0)
FNDA:1,(anonymous_1)
DA:3,1
DA:4,1
LF:2
LH:2
BRF:0
BRH:0
end_of_record
TN:
SF:D:\openserver\OSPanel\domains\webpackDirectories\JQueryCustomSlider3\src\MyLibrary.spec.ts
FNF:0
FNH:0
LF:0
LH:0
BRF:0
BRH:0
end_of_record
TN:
SF:D:\openserver\OSPanel\domains\webpackDirectories\JQueryCustomSlider3\/src\index.spec.ts
FN:9,(anonymous_0)
FN:17,(anonymous_1)
FN:34,(anonymous_2)
FN:36,createSlider
FN:47,(anonymous_4)
FNF:5
FNH:4
FNDA:1,(anonymous_0)
FNDA:1,(anonymous_1)
FNDA:1,(anonymous_2)
FNDA:0,createSlider
FNDA:1,(anonymous_4)
DA:1,1
DA:2,1
DA:3,1
DA:9,1
DA:11,1
DA:12,1
DA:14,1
DA:17,1
DA:18,1
DA:34,1
DA:36,1
DA:38,0
DA:40,0
DA:41,0
DA:43,0
DA:47,1
LF:16
LH:12
BRF:0
BRH:0
end_of_record
TN:
SF:D:\openserver\OSPanel\domains\webpackDirectories\JQueryCustomSlider3\src\index.spec.ts
FNF:0
FNH:0
LF:0
LH:0
BRF:0
BRH:0
end_of_record
TN:
SF:D:\openserver\OSPanel\domains\webpackDirectories\JQueryCustomSlider3\/src\Model\Slider.ts
FN:7,(anonymous_0)
FN:11,Slider
FN:13,(anonymous_2)
FNF:3
FNH:3
FNDA:1,(anonymous_0)
FNDA:1,Slider
FNDA:1,(anonymous_2)
DA:7,1
DA:13,1
DA:14,1
DA:16,1
DA:18,1
LF:5
LH:5
BRF:0
BRH:0
end_of_record
TN:
SF:D:\openserver\OSPanel\domains\webpackDirectories\JQueryCustomSlider3\src\Model\Slider.ts
FNF:0
FNH:0
LF:0
LH:0
BRF:0
BRH:0
end_of_record
TN:
SF:D:\openserver\OSPanel\domains\webpackDirectories\JQueryCustomSlider3\/src\Model\SliderSettings.ts
FN:5,(anonymous_0)
FN:7,SliderSettings
FNF:2
FNH:2
FNDA:1,(anonymous_0)
FNDA:2,SliderSettings
DA:5,1
DA:8,2
DA:9,2
DA:10,2
DA:11,2
DA:12,2
DA:14,2
DA:15,2
DA:16,2
DA:17,2
DA:18,2
DA:21,1
DA:23,1
LF:13
LH:13
BRDA:8,0,0,0
BRDA:8,0,1,2
BRDA:9,1,0,0
BRDA:9,1,1,2
BRDA:10,2,0,0
BRDA:10,2,1,2
BRDA:11,3,0,0
BRDA:11,3,1,2
BRDA:12,4,0,0
BRDA:12,4,1,2
BRF:10
BRH:5
end_of_record
TN:
SF:D:\openserver\OSPanel\domains\webpackDirectories\JQueryCustomSlider3\src\Model\SliderSettings.ts
FNF:0
FNH:0
LF:0
LH:0
BRF:0
BRH:0
end_of_record
TN:
SF:D:\openserver\OSPanel\domains\webpackDirectories\JQueryCustomSlider3\/src\View\SliderTemplate.ts
FN:5,(anonymous_0)
FNF:1
FNH:1
FNDA:1,(anonymous_0)
DA:5,1
DA:7,1
DA:9,1
LF:3
LH:3
BRF:0
BRH:0
end_of_record
TN:
SF:D:\openserver\OSPanel\domains\webpackDirectories\JQueryCustomSlider3\src\View\SliderTemplate.ts
FNF:0
FNH:0
LF:0
LH:0
BRF:0
BRH:0
end_of_record
TN:
SF:D:\openserver\OSPanel\domains\webpackDirectories\JQueryCustomSlider3\tests\unit\spec-bundle.js
FN:5,requireAll
FNF:1
FNH:1
FNDA:1,requireAll
DA:1,1
DA:3,1
DA:6,1
DA:9,1
LF:4
LH:4
BRF:0
BRH:0
end_of_record
